compile compile C:/Users/rober/AppData/Local/Temp/hemtt/Users_rober_OneDrive_Games_Arma 3_Arma 3 Mods_Vana/asc/output/v/vana/addons/loadoutmanagement/functions/fn_TvCount.sqfc
C:/Users/rober/AppData/Local/Temp/hemtt/Users_rober_OneDrive_Games_Arma 3_Arma 3 Mods_Vana/asc/output/v/vana/addons/loadoutmanagement/functions/fn_arsenal.sqfc
compile C:/Users/rober/AppData/Local/Temp/hemtt/Users_rober_OneDrive_Games_Arma 3_Arma 3 Mods_Vana/asc/output/v/vana/addons/loadoutmanagement/functions/fn_TvDragDrop.sqfc
compile C:/Users/rober/AppData/Local/Temp/hemtt/Users_rober_OneDrive_Games_Arma 3_Arma 3 Mods_Vana/asc/output/v/vana/addons/loadoutmanagement/functions/fn_TvExists.sqfc
compile C:/Users/rober/AppData/Local/Temp/hemtt/Users_rober_OneDrive_Games_Arma 3_Arma 3 Mods_Vana/asc/output/v/vana/addons/loadoutmanagement/functions/fn_TvGetData.sqfc
compile compile C:/Users/rober/AppData/Local/Temp/hemtt/Users_rober_OneDrive_Games_Arma 3_Arma 3 Mods_Vana/asc/output/v/vana/addons/loadoutmanagement/functions/fn_TvGetPosition.sqfc
compile C:/Users/rober/AppData/Local/Temp/hemtt/Users_rober_OneDrive_Games_Arma 3_Arma 3 Mods_Vana/asc/output/v/vana/addons/loadoutmanagement/functions/fn_ArsenalTreeView.sqfc
C:/Users/rober/AppData/Local/Temp/hemtt/Users_rober_OneDrive_Games_Arma 3_Arma 3 Mods_Vana/asc/output/v/vana/addons/loadoutmanagement/functions/fn_TvGetParent.sqfc
compile compile C:/Users/rober/AppData/Local/Temp/hemtt/Users_rober_OneDrive_Games_Arma 3_Arma 3 Mods_Vana/asc/output/v/vana/addons/loadoutmanagement/functions/fn_TvDelete.sqfc
C:/Users/rober/AppData/Local/Temp/hemtt/Users_rober_OneDrive_Games_Arma 3_Arma 3 Mods_Vana/asc/output/v/vana/addons/loadoutmanagement/functions/fn_TvCreateTab.sqfc
compile C:/Users/rober/AppData/Local/Temp/hemtt/Users_rober_OneDrive_Games_Arma 3_Arma 3 Mods_Vana/asc/output/v/vana/addons/loadoutmanagement/functions/fn_TvCreateLoadout.sqfc
compile C:/Users/rober/AppData/Local/Temp/hemtt/Users_rober_OneDrive_Games_Arma 3_Arma 3 Mods_Vana/asc/output/v/vana/addons/loadoutmanagement/scripts/VANAInit.sqfc
compile C:/Users/rober/AppData/Local/Temp/hemtt/Users_rober_OneDrive_Games_Arma 3_Arma 3 Mods_Vana/asc/output/v/vana/addons/loadoutmanagement/functions/fn_TvSaveData.sqfc
compile compile C:/Users/rober/AppData/Local/Temp/hemtt/Users_rober_OneDrive_Games_Arma 3_Arma 3 Mods_Vana/asc/output/v/vana/addons/loadoutmanagement/functions/fn_TvSaveLoadout.sqfc
C:/Users/rober/AppData/Local/Temp/hemtt/Users_rober_OneDrive_Games_Arma 3_Arma 3 Mods_Vana/asc/output/v/vana/addons/loadoutmanagement/functions/fn_TvValidateLoadout.sqfc
compile C:/Users/rober/AppData/Local/Temp/hemtt/Users_rober_OneDrive_Games_Arma 3_Arma 3 Mods_Vana/asc/output/v/vana/addons/loadoutmanagement/functions/fn_TvValidateLoadouts.sqfc
compile compile C:/Users/rober/AppData/Local/Temp/hemtt/Users_rober_OneDrive_Games_Arma 3_Arma 3 Mods_Vana/asc/output/v/vana/addons/loadoutmanagement/functions/fn_UIPopup.sqfc
C:/Users/rober/AppData/Local/Temp/hemtt/Users_rober_OneDrive_Games_Arma 3_Arma 3 Mods_Vana/asc/output/v/vana/addons/loadoutmanagement/functions/fn_TvSorting.sqfc
compile C:/Users/rober/AppData/Local/Temp/hemtt/Users_rober_OneDrive_Games_Arma 3_Arma 3 Mods_Vana/asc/output/v/vana/addons/loadoutmanagement/functions/fn_TvRename.sqfc
compile C:/Users/rober/AppData/Local/Temp/hemtt/Users_rober_OneDrive_Games_Arma 3_Arma 3 Mods_Vana/asc/output/v/vana/addons/loadoutmanagement/functions/fn_TvLoadData.sqfc
