2024-06-08T09:20:55.532705Z TRACE ThreadId(01) version: 1.12.2
2024-06-08T09:20:55.532743Z TRACE ThreadId(01) platform: windows
2024-06-08T09:20:55.532749Z TRACE ThreadId(01) args: [
    "C:\\Users\\rober\\OneDrive\\Games\\Arma 3\\Arma 3 Mods\\Vana\\hemtt.exe",
    "launch",
]
2024-06-08T09:20:55.532979Z TRACE ThreadId(01) launch config: LaunchOptions { extends: None, workshop: ["450814997", "1751569185", "1387934106", "2073243184"], dlc: [], presets: [], optionals: [], mission: Some("scriptLibrary.VR"), parameters: [], executable: Some("arma3_x64") }
2024-06-08T09:20:55.533317Z DEBUG ThreadId(01) Arma 3 found at: C:\Program Files (x86)\Steam\steamapps\common\Arma 3
2024-06-08T09:20:55.540390Z TRACE ThreadId(01) using temporary folder: "C:\\Users\\rober\\AppData\\Local\\Temp\\hemtt\\Users_rober_OneDrive_Games_Arma 3_Arma 3 Mods_Vana"
2024-06-08T09:20:55.540406Z TRACE ThreadId(01) using project folder: "C:\\Users\\rober\\OneDrive\\Games\\Arma 3\\Arma 3 Mods\\Vana"
2024-06-08T09:20:55.540410Z TRACE ThreadId(01) using out folder: "C:\\Users\\rober\\OneDrive\\Games\\Arma 3\\Arma 3 Mods\\Vana\\.hemttout"
2024-06-08T09:20:55.540641Z TRACE ThreadId(01) using build folder: "C:\\Users\\rober\\OneDrive\\Games\\Arma 3\\Arma 3 Mods\\Vana\\.hemttout\\dev"
2024-06-08T09:20:55.547432Z TRACE ThreadId(01) Prefix: VfsPath { path: "/addons/loadoutmanagement/$PBOPREFIX$", fs: VFS { fs: OverlayFS { layers: [VfsPath { path: "", fs: VFS { fs: In Memory File System } }, VfsPath { path: "", fs: VFS { fs: AltrootFS { root: VfsPath { path: "", fs: VFS { fs: PhysicalFS { root: "C:\\Users\\rober\\OneDrive\\Games\\Arma 3\\Arma 3 Mods\\Vana\\include" } } } } } }, VfsPath { path: "", fs: VFS { fs: AltrootFS { root: VfsPath { path: "", fs: VFS { fs: PhysicalFS { root: "C:\\Users\\rober\\AppData\\Local\\Temp\\hemtt\\Users_rober_OneDrive_Games_Arma 3_Arma 3 Mods_Vana\\output" } } } } } }, VfsPath { path: "", fs: VFS { fs: AltrootFS { root: VfsPath { path: "", fs: VFS { fs: PhysicalFS { root: "C:\\Users\\rober\\OneDrive\\Games\\Arma 3\\Arma 3 Mods\\Vana" } } } } } }] } } }
2024-06-08T09:20:55.547639Z TRACE ThreadId(01) config.cpp: VfsPath { path: "/addons/loadoutmanagement/config.cpp", fs: VFS { fs: OverlayFS { layers: [VfsPath { path: "", fs: VFS { fs: In Memory File System } }, VfsPath { path: "", fs: VFS { fs: AltrootFS { root: VfsPath { path: "", fs: VFS { fs: PhysicalFS { root: "C:\\Users\\rober\\OneDrive\\Games\\Arma 3\\Arma 3 Mods\\Vana\\include" } } } } } }, VfsPath { path: "", fs: VFS { fs: AltrootFS { root: VfsPath { path: "", fs: VFS { fs: PhysicalFS { root: "C:\\Users\\rober\\AppData\\Local\\Temp\\hemtt\\Users_rober_OneDrive_Games_Arma 3_Arma 3 Mods_Vana\\output" } } } } } }, VfsPath { path: "", fs: VFS { fs: AltrootFS { root: VfsPath { path: "", fs: VFS { fs: PhysicalFS { root: "C:\\Users\\rober\\OneDrive\\Games\\Arma 3\\Arma 3 Mods\\Vana" } } } } } }] } } }
2024-06-08T09:20:55.596915Z TRACE ThreadId(01) reading version from project.toml
2024-06-08T09:20:55.597108Z  INFO ThreadId(01) Config loaded for VANA 1.0.0
2024-06-08T09:20:55.597162Z TRACE ThreadId(01) Scanning C:\Users\rober\OneDrive\Games\Arma 3\Arma 3 Mods\Vana\addons for addons
2024-06-08T09:20:55.597664Z  INFO ThreadId(01) Creating `dev` version
2024-06-08T09:20:55.597676Z TRACE ThreadId(01) phase: init (Hooks) (start)
2024-06-08T09:20:55.600047Z TRACE ThreadId(01) phase: init (Hooks) (done)
2024-06-08T09:20:55.600054Z TRACE ThreadId(01) phase: init (Rapifier) (start)
2024-06-08T09:20:55.600056Z TRACE ThreadId(01) phase: init (Rapifier) (done)
2024-06-08T09:20:55.600058Z TRACE ThreadId(01) phase: init (SQF) (start)
2024-06-08T09:20:55.600060Z TRACE ThreadId(01) phase: init (SQF) (done)
2024-06-08T09:20:55.600062Z TRACE ThreadId(01) phase: init (ArmaScriptCompiler) (start)
2024-06-08T09:20:55.600067Z TRACE ThreadId(01) using asc folder at "C:\\Users\\rober\\AppData\\Local\\Temp\\hemtt\\Users_rober_OneDrive_Games_Arma 3_Arma 3 Mods_Vana\\asc"
2024-06-08T09:20:55.600328Z TRACE ThreadId(01) phase: init (ArmaScriptCompiler) (done)
2024-06-08T09:20:55.600335Z TRACE ThreadId(01) phase: init (Files) (start)
2024-06-08T09:20:55.600368Z TRACE ThreadId(01) phase: init (Files) (done)
2024-06-08T09:20:55.600372Z TRACE ThreadId(01) phase: init (FilePatching) (start)
2024-06-08T09:20:55.600374Z TRACE ThreadId(01) phase: init (FilePatching) (done)
2024-06-08T09:20:55.600378Z TRACE ThreadId(01) phase: check (Hooks) (start)
2024-06-08T09:20:55.600379Z TRACE ThreadId(01) phase: check (Hooks) (done)
2024-06-08T09:20:55.600381Z TRACE ThreadId(01) phase: check (Rapifier) (start)
2024-06-08T09:20:55.600383Z TRACE ThreadId(01) phase: check (Rapifier) (done)
2024-06-08T09:20:55.600385Z TRACE ThreadId(01) phase: check (SQF) (start)
2024-06-08T09:20:55.600386Z TRACE ThreadId(01) phase: check (SQF) (done)
2024-06-08T09:20:55.600388Z TRACE ThreadId(01) phase: check (ArmaScriptCompiler) (start)
2024-06-08T09:20:55.600390Z TRACE ThreadId(01) phase: check (ArmaScriptCompiler) (done)
2024-06-08T09:20:55.600391Z TRACE ThreadId(01) phase: check (Files) (start)
2024-06-08T09:20:55.600393Z TRACE ThreadId(01) phase: check (Files) (done)
2024-06-08T09:20:55.600395Z TRACE ThreadId(01) phase: check (FilePatching) (start)
2024-06-08T09:20:55.600396Z TRACE ThreadId(01) phase: check (FilePatching) (done)
2024-06-08T09:20:55.600398Z TRACE ThreadId(01) phase: pre_build (Hooks) (start)
2024-06-08T09:20:55.600448Z TRACE ThreadId(01) no pre_build hooks
2024-06-08T09:20:55.600450Z TRACE ThreadId(01) phase: pre_build (Hooks) (done)
2024-06-08T09:20:55.600452Z TRACE ThreadId(01) phase: pre_build (Rapifier) (start)
2024-06-08T09:20:55.624996Z  INFO ThreadId(01) Rapified 1 addon configs
2024-06-08T09:20:55.625012Z TRACE ThreadId(01) phase: pre_build (Rapifier) (done)
2024-06-08T09:20:55.625015Z TRACE ThreadId(01) phase: pre_build (SQF) (start)
2024-06-08T09:20:55.783055Z TRACE ThreadId(02) sqf compiling /addons/loadoutmanagement/functions/fn_Vana_Init.sqf
2024-06-08T09:20:55.783079Z TRACE ThreadId(05) sqf compiling /addons/loadoutmanagement/functions/TreeView/Utility/fn_TvExists.sqf
2024-06-08T09:20:55.783102Z TRACE ThreadId(10) sqf compiling /addons/loadoutmanagement/functions/fn_Arsenal.sqf
2024-06-08T09:20:55.783109Z TRACE ThreadId(14) sqf compiling /addons/loadoutmanagement/functions/TreeView/Button/fn_TvDelete.sqf
2024-06-08T09:20:55.783116Z TRACE ThreadId(08) sqf compiling /addons/loadoutmanagement/functions/TreeView/Button/fn_TvCreateTab.sqf
2024-06-08T09:20:55.783128Z TRACE ThreadId(12) sqf compiling /addons/loadoutmanagement/functions/TreeView/Button/fn_TvRename.sqf
2024-06-08T09:20:55.783149Z TRACE ThreadId(09) sqf compiling /addons/loadoutmanagement/functions/TreeView/Core/fn_TvCreateLoadout.sqf
2024-06-08T09:20:55.783163Z TRACE ThreadId(04) sqf compiling /addons/loadoutmanagement/functions/UIPopup/fn_UIPopup.sqf
2024-06-08T09:20:55.783164Z TRACE ThreadId(17) sqf compiling /addons/loadoutmanagement/functions/TreeView/fn_ArsenalTreeView.sqf
2024-06-08T09:20:55.783199Z TRACE ThreadId(19) sqf compiling /addons/loadoutmanagement/functions/TreeView/Utility/fn_TvSorting.sqf
2024-06-08T09:20:55.783199Z TRACE ThreadId(06) sqf compiling /addons/loadoutmanagement/functions/TreeView/Utility/fn_TvGetParent.sqf
2024-06-08T09:20:55.783203Z TRACE ThreadId(11) sqf compiling /addons/loadoutmanagement/functions/TreeView/Utility/fn_TvGetPosition.sqf
2024-06-08T09:20:55.783214Z TRACE ThreadId(21) sqf compiling /addons/loadoutmanagement/functions/TreeView/Core/fn_TvDragDrop.sqf
2024-06-08T09:20:55.783190Z TRACE ThreadId(03) sqf compiling /addons/loadoutmanagement/functions/TreeView/Utility/fn_TvCount.sqf
2024-06-08T09:20:55.783214Z TRACE ThreadId(13) sqf compiling /addons/loadoutmanagement/functions/TreeView/Core/fn_TvValidateLoadouts.sqf
2024-06-08T09:20:55.783197Z TRACE ThreadId(07) sqf compiling /addons/loadoutmanagement/functions/TreeView/Core/fn_TvLoadData.sqf
2024-06-08T09:20:55.783213Z TRACE ThreadId(20) sqf compiling /addons/loadoutmanagement/functions/TreeView/Core/fn_TvSaveLoadout.sqf
2024-06-08T09:20:55.783198Z TRACE ThreadId(16) sqf compiling /addons/loadoutmanagement/functions/TreeView/Utility/fn_TvValidateLoadout.sqf
2024-06-08T09:20:55.783164Z TRACE ThreadId(15) sqf compiling /addons/loadoutmanagement/functions/TreeView/Utility/fn_TvGetData.sqf
2024-06-08T09:20:55.783214Z TRACE ThreadId(18) sqf compiling /addons/loadoutmanagement/functions/TreeView/Core/fn_TvSaveData.sqf
2024-06-08T09:20:55.840337Z  INFO ThreadId(01) Validated 20 sqf files
2024-06-08T09:20:55.843091Z TRACE ThreadId(01) phase: pre_build (SQF) (done)
2024-06-08T09:20:55.843099Z TRACE ThreadId(01) phase: pre_build (ArmaScriptCompiler) (start)
2024-06-08T09:20:55.843375Z TRACE ThreadId(01) unpacking "asc.exe" to "C:\\Users\\rober\\AppData\\Local\\Temp\\hemtt\\Users_rober_OneDrive_Games_Arma 3_Arma 3 Mods_Vana\\asc\\asc.exe"
2024-06-08T09:20:55.873373Z DEBUG ThreadId(01) ASC Preprocess took 27
2024-06-08T09:20:55.997784Z DEBUG ThreadId(01) ASC took 124
2024-06-08T09:20:56.014187Z  INFO ThreadId(01) Compiled 20 sqf files
2024-06-08T09:20:56.014300Z TRACE ThreadId(01) phase: pre_build (ArmaScriptCompiler) (done)
2024-06-08T09:20:56.014304Z TRACE ThreadId(01) phase: pre_build (Files) (start)
2024-06-08T09:20:56.014306Z TRACE ThreadId(01) phase: pre_build (Files) (done)
2024-06-08T09:20:56.014308Z TRACE ThreadId(01) phase: pre_build (FilePatching) (start)
2024-06-08T09:20:56.014434Z TRACE ThreadId(01) junction link "C:\\Users\\rober\\OneDrive\\Games\\Arma 3\\Arma 3 Mods\\Vana\\.hemttout\\dev\\addons\\loadoutmanagement" => "C:\\Users\\rober\\OneDrive\\Games\\Arma 3\\Arma 3 Mods\\Vana\\addons\\loadoutmanagement"
2024-06-08T09:20:56.021815Z TRACE ThreadId(01) phase: pre_build (FilePatching) (done)
2024-06-08T09:20:56.021830Z TRACE ThreadId(01) phase: build (start)
2024-06-08T09:20:56.024664Z DEBUG ThreadId(01) "C:\\Users\\rober\\OneDrive\\Games\\Arma 3\\Arma 3 Mods\\Vana\\.hemttout\\dev\\addons" already exists
2024-06-08T09:20:56.024674Z DEBUG ThreadId(01) building "addons/loadoutmanagement" => "C:\\Users\\rober\\OneDrive\\Games\\Arma 3\\Arma 3 Mods\\Vana\\.hemttout\\dev\\addons\\VANA_loadoutmanagement.pbo"
2024-06-08T09:20:56.027255Z TRACE ThreadId(01) adding file "stringtable.xml"
2024-06-08T09:20:56.027367Z TRACE ThreadId(01) adding file "config.bin"
2024-06-08T09:20:56.027417Z TRACE ThreadId(01) adding file "functions\\fn_Arsenal.sqf"
2024-06-08T09:20:56.027469Z TRACE ThreadId(01) adding file "functions\\fn_Arsenal.sqfc"
2024-06-08T09:20:56.027517Z TRACE ThreadId(01) adding file "functions\\functions.hpp"
2024-06-08T09:20:56.027578Z TRACE ThreadId(01) adding file "functions\\fn_Vana_Init.sqfc"
2024-06-08T09:20:56.027626Z TRACE ThreadId(01) adding file "functions\\fn_Vana_Init.sqf"
2024-06-08T09:20:56.027676Z TRACE ThreadId(01) adding file "functions\\UIPopup\\fn_UIPopup.sqfc"
2024-06-08T09:20:56.027726Z TRACE ThreadId(01) adding file "functions\\UIPopup\\fn_UIPopup.sqf"
2024-06-08T09:20:56.027780Z TRACE ThreadId(01) adding file "functions\\TreeView\\fn_ArsenalTreeView.sqfc"
2024-06-08T09:20:56.027833Z TRACE ThreadId(01) adding file "functions\\TreeView\\fn_ArsenalTreeView.sqf"
2024-06-08T09:20:56.027885Z TRACE ThreadId(01) adding file "functions\\TreeView\\Core\\fn_TvSaveData.sqfc"
2024-06-08T09:20:56.027891Z TRACE ThreadId(01) adding file "functions\\TreeView\\Core\\fn_TvDragDrop.sqfc"
2024-06-08T09:20:56.027939Z TRACE ThreadId(01) adding file "functions\\TreeView\\Core\\fn_TvDragDrop.sqf"
2024-06-08T09:20:56.027991Z TRACE ThreadId(01) adding file "functions\\TreeView\\Core\\fn_TvLoadData.sqfc"
2024-06-08T09:20:56.028041Z TRACE ThreadId(01) adding file "functions\\TreeView\\Core\\fn_TvSaveData.sqf"
2024-06-08T09:20:56.028134Z TRACE ThreadId(01) adding file "functions\\TreeView\\Core\\fn_TvValidateLoadouts.sqf"
2024-06-08T09:20:56.028228Z TRACE ThreadId(01) adding file "functions\\TreeView\\Core\\fn_TvLoadData.sqf"
2024-06-08T09:20:56.028282Z TRACE ThreadId(01) adding file "functions\\TreeView\\Core\\fn_TvValidateLoadouts.sqfc"
2024-06-08T09:20:56.028289Z TRACE ThreadId(01) adding file "functions\\TreeView\\Core\\fn_TvSaveLoadout.sqfc"
2024-06-08T09:20:56.028294Z TRACE ThreadId(01) adding file "functions\\TreeView\\Core\\fn_TvCreateLoadout.sqfc"
2024-06-08T09:20:56.028343Z TRACE ThreadId(01) adding file "functions\\TreeView\\Core\\fn_TvCreateLoadout.sqf"
2024-06-08T09:20:56.028442Z TRACE ThreadId(01) adding file "functions\\TreeView\\Core\\fn_TvSaveLoadout.sqf"
2024-06-08T09:20:56.028537Z TRACE ThreadId(01) adding file "functions\\TreeView\\Button\\fn_TvCreateTab.sqf"
2024-06-08T09:20:56.028593Z TRACE ThreadId(01) adding file "functions\\TreeView\\Button\\fn_TvDelete.sqfc"
2024-06-08T09:20:56.028645Z TRACE ThreadId(01) adding file "functions\\TreeView\\Button\\fn_TvDelete.sqf"
2024-06-08T09:20:56.028739Z TRACE ThreadId(01) adding file "functions\\TreeView\\Button\\fn_TvRename.sqf"
2024-06-08T09:20:56.028790Z TRACE ThreadId(01) adding file "functions\\TreeView\\Button\\fn_TvRename.sqfc"
2024-06-08T09:20:56.028797Z TRACE ThreadId(01) adding file "functions\\TreeView\\Button\\fn_TvCreateTab.sqfc"
2024-06-08T09:20:56.028851Z TRACE ThreadId(01) adding file "functions\\TreeView\\Utility\\fn_TvValidateLoadout.sqf"
2024-06-08T09:20:56.028909Z TRACE ThreadId(01) adding file "functions\\TreeView\\Utility\\fn_TvCount.sqfc"
2024-06-08T09:20:56.028916Z TRACE ThreadId(01) adding file "functions\\TreeView\\Utility\\fn_TvGetParent.sqfc"
2024-06-08T09:20:56.028922Z TRACE ThreadId(01) adding file "functions\\TreeView\\Utility\\fn_TvGetPosition.sqfc"
2024-06-08T09:20:56.028927Z TRACE ThreadId(01) adding file "functions\\TreeView\\Utility\\fn_TvExists.sqfc"
2024-06-08T09:20:56.028975Z TRACE ThreadId(01) adding file "functions\\TreeView\\Utility\\fn_TvCount.sqf"
2024-06-08T09:20:56.029077Z TRACE ThreadId(01) adding file "functions\\TreeView\\Utility\\fn_TvExists.sqf"
2024-06-08T09:20:56.029134Z TRACE ThreadId(01) adding file "functions\\TreeView\\Utility\\fn_TvValidateLoadout.sqfc"
2024-06-08T09:20:56.029184Z TRACE ThreadId(01) adding file "functions\\TreeView\\Utility\\fn_TvGetParent.sqf"
2024-06-08T09:20:56.029236Z TRACE ThreadId(01) adding file "functions\\TreeView\\Utility\\fn_TvGetData.sqfc"
2024-06-08T09:20:56.029286Z TRACE ThreadId(01) adding file "functions\\TreeView\\Utility\\fn_TvGetData.sqf"
2024-06-08T09:20:56.029386Z TRACE ThreadId(01) adding file "functions\\TreeView\\Utility\\fn_TvGetPosition.sqf"
2024-06-08T09:20:56.029483Z TRACE ThreadId(01) adding file "functions\\TreeView\\Utility\\fn_TvSorting.sqf"
2024-06-08T09:20:56.029538Z TRACE ThreadId(01) adding file "functions\\TreeView\\Utility\\fn_TvSorting.sqfc"
2024-06-08T09:20:56.029651Z TRACE ThreadId(01) adding file "ui\\script_component.hpp"
2024-06-08T09:20:56.029765Z TRACE ThreadId(01) adding file "ui\\RscVANA.hpp"
2024-06-08T09:20:56.029859Z TRACE ThreadId(01) adding file "ui\\data\\ButtonOptions.paa"
2024-06-08T09:20:56.029966Z TRACE ThreadId(01) adding file "ui\\data\\Vana (Small) - WhiteText NoBackground.paa"
2024-06-08T09:20:56.030080Z TRACE ThreadId(01) adding file "ui\\data\\Tab_Icon.paa"
2024-06-08T09:20:56.030177Z TRACE ThreadId(01) adding file "ui\\data\\ButtonTabCreate.paa"
2024-06-08T09:20:56.030287Z TRACE ThreadId(01) adding file "ui\\data\\ButtonRename.paa"
2024-06-08T09:20:56.030407Z TRACE ThreadId(01) adding file "ui\\data\\Vana - WhiteBackground.paa"
2024-06-08T09:20:56.031978Z  INFO ThreadId(01) Built 1 PBOs
2024-06-08T09:20:56.031985Z TRACE ThreadId(01) phase: build (done)
2024-06-08T09:20:56.031988Z TRACE ThreadId(01) phase: post_build (Hooks) (start)
2024-06-08T09:20:56.032047Z TRACE ThreadId(01) no post_build hooks
2024-06-08T09:20:56.032050Z TRACE ThreadId(01) phase: post_build (Hooks) (done)
2024-06-08T09:20:56.032051Z TRACE ThreadId(01) phase: post_build (Rapifier) (start)
2024-06-08T09:20:56.032053Z TRACE ThreadId(01) phase: post_build (Rapifier) (done)
2024-06-08T09:20:56.032055Z TRACE ThreadId(01) phase: post_build (SQF) (start)
2024-06-08T09:20:56.032057Z TRACE ThreadId(01) phase: post_build (SQF) (done)
2024-06-08T09:20:56.032059Z TRACE ThreadId(01) phase: post_build (ArmaScriptCompiler) (start)
2024-06-08T09:20:56.032060Z TRACE ThreadId(01) phase: post_build (ArmaScriptCompiler) (done)
2024-06-08T09:20:56.032062Z TRACE ThreadId(01) phase: post_build (Files) (start)
2024-06-08T09:20:56.096253Z DEBUG ThreadId(01) copying "/mod.cpp" => "C:\\Users\\rober\\OneDrive\\Games\\Arma 3\\Arma 3 Mods\\Vana\\.hemttout\\dev\\mod.cpp"
2024-06-08T09:20:56.104500Z  INFO ThreadId(01) Copied 1 files
2024-06-08T09:20:56.104517Z TRACE ThreadId(01) phase: post_build (Files) (done)
2024-06-08T09:20:56.104520Z TRACE ThreadId(01) phase: post_build (FilePatching) (start)
2024-06-08T09:20:56.104643Z  INFO ThreadId(01) You can use the dev folder at `.hemttout/dev` to test your mod with file-patching.
2024-06-08T09:20:56.104657Z TRACE ThreadId(01) phase: post_build (FilePatching) (done)
2024-06-08T09:20:56.104862Z TRACE ThreadId(01) junction link "C:\\Program Files (x86)\\Steam\\steamapps\\common\\Arma 3\\v\\VANA" => "C:\\Users\\rober\\OneDrive\\Games\\Arma 3\\Arma 3 Mods\\Vana\\.hemttout\\dev"
2024-06-08T09:20:56.113076Z  INFO ThreadId(01) Launching "C:\\Program Files (x86)\\Steam\\steamapps\\common\\Arma 3" with:
  -skipIntro
  -noSplash
  -showScriptErrors
  -debug
  -mod="C:\Users\rober\OneDrive\Games\Arma 3\Arma 3 Mods\Vana\.hemttout/dev" -mod="C:\Program Files (x86)\Steam\steamapps\workshop\content\107410\450814997" -mod="C:\Program Files (x86)\Steam\steamapps\workshop\content\107410\1751569185" -mod="C:\Program Files (x86)\Steam\steamapps\workshop\content\107410\1387934106" -mod="C:\Program Files (x86)\Steam\steamapps\workshop\content\107410\2073243184"
  "C:\Users\rober\OneDrive\Games\Arma 3\Arma 3 Mods\Vana\.hemtt\missions\scriptLibrary.VR\mission.sqm"
  -filePatching
2024-06-08T09:20:56.119496Z TRACE ThreadId(01) writing ci annotations to .hemttout/ci_annotations.txt
2024-06-08T09:20:56.120677Z TRACE ThreadId(01) wrote 45 ci annotations to .hemttout/ci_annotations.txt
